<?xml version="1.0" encoding="UTF-8"?>
<!-- Generated by org.testng.reporters.JUnitReportReporter -->
<testsuite hostname="LAPTOP-ARGO5MCT" failures="0" tests="1" name="TestScenarios.TestMethods" time="24.592" errors="0" timestamp="2023-04-22T16:46:59 IST" skipped="0">
  <testcase classname="TestScenarios.TestMethods" name="testMethod1" time="24.592"/>
  <system-out/>
</testsuite> <!-- TestScenarios.TestMethods -->
